[2018-05-08 08:33:05] [INFO] 加载驱动
[2018-05-08 08:33:09] [INFO] 打开的网址为：http://127.0.0.1:8086/bbs/forum.php
[2018-05-08 08:33:09] [INFO] 查找到相应元素: id: ls_username
[2018-05-08 08:33:09] [INFO] 查找到相应元素: id: ls_username
[2018-05-08 08:33:09] [INFO] 清空元素： id: ls_username上的内容
[2018-05-08 08:33:10] [INFO] 在元素 id: ls_username上输入内容：admin
[2018-05-08 08:33:10] [INFO] 查找到相应元素: id: ls_password
[2018-05-08 08:33:10] [INFO] 查找到相应元素: id: ls_password
[2018-05-08 08:33:10] [INFO] 清空元素： id: ls_password上的内容
[2018-05-08 08:33:10] [INFO] 在元素 id: ls_password上输入内容：password
[2018-05-08 08:33:10] [INFO] 查找到相应元素: xpath: //*[@id="lsform"]/div/div/table/tbody/tr[2]/td[3]/button
[2018-05-08 08:33:11] [INFO] 对元素： xpath: //*[@id="lsform"]/div/div/table/tbody/tr[2]/td[3]/button做点击操作
[2018-05-08 08:33:17] [INFO] 查找到相应元素: xpath: //*[@id="category_1"]/table/tbody/tr[1]/td[1]
[2018-05-08 08:33:19] [INFO] 对元素： xpath: //*[@id="category_1"]/table/tbody/tr[1]/td[1]做点击操作
[2018-05-08 08:33:19] [INFO] 查找到相应元素: id: subject
[2018-05-08 08:33:19] [INFO] 查找到相应元素: id: subject
[2018-05-08 08:33:19] [INFO] 清空元素： id: subject上的内容
[2018-05-08 08:33:19] [INFO] 在元素 id: subject上输入内容：123
[2018-05-08 08:33:22] [ERROR] not found specifed Element
[2018-05-08 08:33:22] [ERROR] not found specifed Element
